[INFO] [15:07:07.168] [JavaFX Application Thread] [] com.zzg.mybatis.generator.util.ConfigHelper.loadGeneratorConfigs:180 --> sql: SELECT * FROM generator_config
[INFO] [15:08:19.898] [JavaFX Application Thread] [] com.zzg.mybatis.generator.util.DbUtil.<clinit>:32 --> load driver class: com.mysql.jdbc.Driver@65d69648
[INFO] [15:08:19.901] [JavaFX Application Thread] [] com.zzg.mybatis.generator.util.DbUtil.<clinit>:32 --> load driver class: oracle.jdbc.driver.OracleDriver@68bc719d
[INFO] [15:08:19.905] [JavaFX Application Thread] [] com.zzg.mybatis.generator.util.DbUtil.<clinit>:32 --> load driver class: org.postgresql.Driver@3377fc4
[INFO] [15:08:20.114] [JavaFX Application Thread] [] com.zzg.mybatis.generator.util.DbUtil.<clinit>:32 --> load driver class: SQLServerDriver:2
[INFO] [15:08:20.115] [JavaFX Application Thread] [] com.zzg.mybatis.generator.util.DbUtil.<clinit>:32 --> load driver class: org.sqlite.JDBC@2d471aec
[INFO] [15:08:20.116] [JavaFX Application Thread] [] com.zzg.mybatis.generator.util.DbUtil.getConnectionUrlWithSchema:113 --> getConnectionUrlWithSchema, connection url: jdbc:mysql://localhost:3306/jxt?useUnicode=true&useSSL=false&characterEncoding=utf8&tinyInt1isBit=false
[INFO] [15:08:20.117] [JavaFX Application Thread] [] com.zzg.mybatis.generator.util.DbUtil.getTableNames:55 --> getTableNames, connection url: jdbc:mysql://localhost:3306/jxt?useUnicode=true&useSSL=false&characterEncoding=utf8&tinyInt1isBit=false
[INFO] [15:08:20.117] [JavaFX Application Thread] [] com.zzg.mybatis.generator.util.DbUtil.getConnectionUrlWithSchema:113 --> getConnectionUrlWithSchema, connection url: jdbc:mysql://localhost:3306/jxt?useUnicode=true&useSSL=false&characterEncoding=utf8&tinyInt1isBit=false
[INFO] [15:08:20.315] [JavaFX Application Thread] [] com.zzg.mybatis.generator.util.DbUtil.getConnection:49 --> getConnection, connection url: com.mysql.jdbc.JDBC4Connection@654ee1cd
[INFO] [15:10:03.163] [JavaFX Application Thread] [] com.zzg.mybatis.generator.util.DbUtil.getConnectionUrlWithSchema:113 --> getConnectionUrlWithSchema, connection url: jdbc:mysql://localhost:3306/jxt?useUnicode=true&useSSL=false&characterEncoding=utf8&tinyInt1isBit=false
[INFO] [15:10:03.164] [JavaFX Application Thread] [] com.zzg.mybatis.generator.util.DbUtil.getTableNames:55 --> getTableNames, connection url: jdbc:mysql://localhost:3306/jxt?useUnicode=true&useSSL=false&characterEncoding=utf8&tinyInt1isBit=false
[INFO] [15:10:03.164] [JavaFX Application Thread] [] com.zzg.mybatis.generator.util.DbUtil.getConnectionUrlWithSchema:113 --> getConnectionUrlWithSchema, connection url: jdbc:mysql://localhost:3306/jxt?useUnicode=true&useSSL=false&characterEncoding=utf8&tinyInt1isBit=false
[INFO] [15:10:03.169] [JavaFX Application Thread] [] com.zzg.mybatis.generator.util.DbUtil.getConnection:49 --> getConnection, connection url: com.mysql.jdbc.JDBC4Connection@3f718eee
[INFO] [15:10:22.895] [JavaFX Application Thread] [] com.zzg.mybatis.generator.util.ConfigHelper.loadGeneratorConfigs:180 --> sql: SELECT * FROM generator_config
[DEBUG] [15:10:28.355] [JavaFX Application Thread] [] com.zzg.mybatis.generator.controller.GeneratorConfigController.lambda$updateItem$1:75 --> item: ego-commons
[INFO] [15:10:28.358] [JavaFX Application Thread] [] com.zzg.mybatis.generator.util.ConfigHelper.deleteGeneratorConfig:202 --> sql: DELETE FROM generator_config where name='ego-commons'
[INFO] [15:10:28.374] [JavaFX Application Thread] [] com.zzg.mybatis.generator.util.ConfigHelper.loadGeneratorConfigs:180 --> sql: SELECT * FROM generator_config
[INFO] [15:10:36.117] [JavaFX Application Thread] [] com.zzg.mybatis.generator.util.DbUtil.getConnectionUrlWithSchema:113 --> getConnectionUrlWithSchema, connection url: jdbc:mysql://localhost:3306/jxt?useUnicode=true&useSSL=false&characterEncoding=utf8&tinyInt1isBit=false
[INFO] [15:10:36.117] [JavaFX Application Thread] [] com.zzg.mybatis.generator.util.DbUtil.getTableNames:55 --> getTableNames, connection url: jdbc:mysql://localhost:3306/jxt?useUnicode=true&useSSL=false&characterEncoding=utf8&tinyInt1isBit=false
[INFO] [15:10:36.118] [JavaFX Application Thread] [] com.zzg.mybatis.generator.util.DbUtil.getConnectionUrlWithSchema:113 --> getConnectionUrlWithSchema, connection url: jdbc:mysql://localhost:3306/jxt?useUnicode=true&useSSL=false&characterEncoding=utf8&tinyInt1isBit=false
[INFO] [15:10:36.122] [JavaFX Application Thread] [] com.zzg.mybatis.generator.util.DbUtil.getConnection:49 --> getConnection, connection url: com.mysql.jdbc.JDBC4Connection@6cbf5cd2
[INFO] [15:10:48.461] [JavaFX Application Thread] [] com.zzg.mybatis.generator.util.DbUtil.getConnectionUrlWithSchema:113 --> getConnectionUrlWithSchema, connection url: jdbc:mysql://localhost:3306/jxt?useUnicode=true&useSSL=false&characterEncoding=utf8&tinyInt1isBit=false
[INFO] [15:10:48.462] [JavaFX Application Thread] [] com.zzg.mybatis.generator.util.DbUtil.getTableNames:55 --> getTableNames, connection url: jdbc:mysql://localhost:3306/jxt?useUnicode=true&useSSL=false&characterEncoding=utf8&tinyInt1isBit=false
[INFO] [15:10:48.462] [JavaFX Application Thread] [] com.zzg.mybatis.generator.util.DbUtil.getConnectionUrlWithSchema:113 --> getConnectionUrlWithSchema, connection url: jdbc:mysql://localhost:3306/jxt?useUnicode=true&useSSL=false&characterEncoding=utf8&tinyInt1isBit=false
[INFO] [15:10:48.466] [JavaFX Application Thread] [] com.zzg.mybatis.generator.util.DbUtil.getConnection:49 --> getConnection, connection url: com.mysql.jdbc.JDBC4Connection@3f27b472
[INFO] [15:11:00.375] [JavaFX Application Thread] [] com.zzg.mybatis.generator.controller.MainUIController.saveGeneratorConfig:277 --> user choose name: localhost
[INFO] [15:12:21.196] [JavaFX Application Thread] [] com.zzg.mybatis.generator.util.DbUtil.getConnectionUrlWithSchema:113 --> getConnectionUrlWithSchema, connection url: jdbc:mysql://localhost:3306/jxt?useUnicode=true&useSSL=false&characterEncoding=utf8&tinyInt1isBit=false
[INFO] [15:12:21.197] [JavaFX Application Thread] [] com.zzg.mybatis.generator.util.DbUtil.getTableNames:55 --> getTableNames, connection url: jdbc:mysql://localhost:3306/jxt?useUnicode=true&useSSL=false&characterEncoding=utf8&tinyInt1isBit=false
[INFO] [15:12:21.198] [JavaFX Application Thread] [] com.zzg.mybatis.generator.util.DbUtil.getConnectionUrlWithSchema:113 --> getConnectionUrlWithSchema, connection url: jdbc:mysql://localhost:3306/jxt?useUnicode=true&useSSL=false&characterEncoding=utf8&tinyInt1isBit=false
[INFO] [15:12:21.204] [JavaFX Application Thread] [] com.zzg.mybatis.generator.util.DbUtil.getConnection:49 --> getConnection, connection url: com.mysql.jdbc.JDBC4Connection@4cda4adf
[INFO] [15:13:17.483] [JavaFX Application Thread] [] com.zzg.mybatis.generator.util.DbUtil.getConnectionUrlWithSchema:113 --> getConnectionUrlWithSchema, connection url: jdbc:mysql://localhost:3306/jxt?useUnicode=true&useSSL=false&characterEncoding=utf8&tinyInt1isBit=false
[INFO] [15:13:17.484] [JavaFX Application Thread] [] com.zzg.mybatis.generator.util.DbUtil.getTableNames:55 --> getTableNames, connection url: jdbc:mysql://localhost:3306/jxt?useUnicode=true&useSSL=false&characterEncoding=utf8&tinyInt1isBit=false
[INFO] [15:13:17.485] [JavaFX Application Thread] [] com.zzg.mybatis.generator.util.DbUtil.getConnectionUrlWithSchema:113 --> getConnectionUrlWithSchema, connection url: jdbc:mysql://localhost:3306/jxt?useUnicode=true&useSSL=false&characterEncoding=utf8&tinyInt1isBit=false
[INFO] [15:13:17.493] [JavaFX Application Thread] [] com.zzg.mybatis.generator.util.DbUtil.getConnection:49 --> getConnection, connection url: com.mysql.jdbc.JDBC4Connection@5fcf8669
[INFO] [15:13:20.909] [JavaFX Application Thread] [] com.zzg.mybatis.generator.util.ConfigHelper.loadGeneratorConfigs:180 --> sql: SELECT * FROM generator_config
[INFO] [15:13:59.764] [JavaFX Application Thread] [] com.zzg.mybatis.generator.util.DbUtil.<clinit>:32 --> load driver class: com.mysql.jdbc.Driver@324c4fbf
[INFO] [15:13:59.770] [JavaFX Application Thread] [] com.zzg.mybatis.generator.util.DbUtil.<clinit>:32 --> load driver class: oracle.jdbc.driver.OracleDriver@28e64f2b
[INFO] [15:13:59.774] [JavaFX Application Thread] [] com.zzg.mybatis.generator.util.DbUtil.<clinit>:32 --> load driver class: org.postgresql.Driver@6af89ae4
[INFO] [15:13:59.821] [JavaFX Application Thread] [] com.zzg.mybatis.generator.util.DbUtil.<clinit>:32 --> load driver class: SQLServerDriver:2
[INFO] [15:13:59.822] [JavaFX Application Thread] [] com.zzg.mybatis.generator.util.DbUtil.<clinit>:32 --> load driver class: org.sqlite.JDBC@11e805be
[INFO] [15:13:59.823] [JavaFX Application Thread] [] com.zzg.mybatis.generator.util.DbUtil.getConnectionUrlWithSchema:113 --> getConnectionUrlWithSchema, connection url: jdbc:mysql://localhost:3306/jxt?useUnicode=true&useSSL=false&characterEncoding=utf8&tinyInt1isBit=false
[INFO] [15:14:00.041] [JavaFX Application Thread] [] com.zzg.mybatis.generator.util.DbUtil.getConnection:49 --> getConnection, connection url: com.mysql.jdbc.JDBC4Connection@7856e16c
[INFO] [15:14:49.757] [JavaFX Application Thread] [] com.zzg.mybatis.generator.util.DbUtil.getConnectionUrlWithSchema:113 --> getConnectionUrlWithSchema, connection url: jdbc:mysql://localhost:3306/jxt?useUnicode=true&useSSL=false&characterEncoding=utf8&tinyInt1isBit=false
[INFO] [15:14:49.758] [JavaFX Application Thread] [] com.zzg.mybatis.generator.util.DbUtil.getTableNames:55 --> getTableNames, connection url: jdbc:mysql://localhost:3306/jxt?useUnicode=true&useSSL=false&characterEncoding=utf8&tinyInt1isBit=false
[INFO] [15:14:49.758] [JavaFX Application Thread] [] com.zzg.mybatis.generator.util.DbUtil.getConnectionUrlWithSchema:113 --> getConnectionUrlWithSchema, connection url: jdbc:mysql://localhost:3306/jxt?useUnicode=true&useSSL=false&characterEncoding=utf8&tinyInt1isBit=false
[INFO] [15:14:49.763] [JavaFX Application Thread] [] com.zzg.mybatis.generator.util.DbUtil.getConnection:49 --> getConnection, connection url: com.mysql.jdbc.JDBC4Connection@396309f7
